
Tue 12 Mar 2024 01:04:09 AM UTC: 
 exercises.c | 8 +++++++-
 1 file changed, 7 insertions(+), 1 deletion(-)
In file included from test.c:1:
exercises.c:13:1: error: expected ‘;’, ‘,’ or ‘)’ before ‘{’ token
   13 | {
      | ^
Compilation failed
3f4f40e
Tue 12 Mar 2024 01:04:28 AM UTC: 
 exercises.c | 2 +-
 1 file changed, 1 insertion(+), 1 deletion(-)
 tests:  0|6
total_score: 10/70
802db46
Tue 12 Mar 2024 01:07:08 AM UTC: 
 exercises.c | 12 +++++++++++-
 1 file changed, 11 insertions(+), 1 deletion(-)
 tests:  0|5
total_score: 20/70
6f4ee08
Tue 12 Mar 2024 01:08:23 AM UTC: 
 exercises.c | 6 +++++-
 1 file changed, 5 insertions(+), 1 deletion(-)
In file included from test.c:1:
exercises.c: In function ‘filterEvenNumbers’:
exercises.c:45:17: error: ‘sizeNew’ undeclared (first use in this function); did you mean ‘size’?
   45 |   printf("%i", *sizeNew);
      |                 ^~~~~~~
      |                 size
exercises.c:45:17: note: each undeclared identifier is reported only once for each function it appears in
Compilation failed
5e4b31c
Tue 12 Mar 2024 01:08:30 AM UTC: 
 exercises.c | 2 +-
 1 file changed, 1 insertion(+), 1 deletion(-)
 tests:  0|5
total_score: 20/70
558dc76
Tue 12 Mar 2024 01:08:45 AM UTC: 
 exercises.c | 2 +-
 1 file changed, 1 insertion(+), 1 deletion(-)
 tests:  0|5
total_score: 20/70
c323bee
Tue 12 Mar 2024 01:13:35 AM UTC: 
 exercises.c | 13 +++++++++++--
 1 file changed, 11 insertions(+), 2 deletions(-)
In file included from test.c:1:
exercises.c: In function ‘filterEvenNumbers’:
exercises.c:50:26: error: implicit declaration of function ‘rellloc’; did you mean ‘realloc’? [-Werror=implicit-function-declaration]
   50 |       newArray = (int *) rellloc(newArray, sizeof(int) * (*newSize + 1));
      |                          ^~~~~~~
      |                          realloc
exercises.c:50:18: error: cast to pointer from integer of different size [-Werror=int-to-pointer-cast]
   50 |       newArray = (int *) rellloc(newArray, sizeof(int) * (*newSize + 1));
      |                  ^
cc1: all warnings being treated as errors
Compilation failed
4624501
Tue 12 Mar 2024 01:13:48 AM UTC: 
 exercises.c | 2 +-
 1 file changed, 1 insertion(+), 1 deletion(-)
 tests:  0|5
total_score: 20/70
348b1e9
Tue 12 Mar 2024 01:14:21 AM UTC: 
 exercises.c | 2 +-
 1 file changed, 1 insertion(+), 1 deletion(-)
 tests:  0|4
total_score: 30/70
fb43c75
Tue 12 Mar 2024 01:16:42 AM UTC: 
 exercises.c | 9 +++++++--
 1 file changed, 7 insertions(+), 2 deletions(-)
 tests:  0|4
total_score: 30/70
969c0f6
Tue 12 Mar 2024 01:18:08 AM UTC: 
 exercises.c | 1 +
 1 file changed, 1 insertion(+)
 tests:  0|4
total_score: 30/70
4029f13
Tue 12 Mar 2024 01:19:22 AM UTC: 
 exercises.c | 7 ++-----
 1 file changed, 2 insertions(+), 5 deletions(-)
 tests:  0|4
total_score: 30/70
3e51441
Tue 12 Mar 2024 01:19:37 AM UTC: 
 exercises.c | 2 +-
 1 file changed, 1 insertion(+), 1 deletion(-)
 tests:  0|4
total_score: 30/70
c95d866
Tue 12 Mar 2024 01:20:00 AM UTC: 
 exercises.c | 3 ++-
 1 file changed, 2 insertions(+), 1 deletion(-)
 tests:  0|4
total_score: 30/70
54cb0de
Tue 12 Mar 2024 01:20:14 AM UTC: 
 exercises.c | 4 ++--
 1 file changed, 2 insertions(+), 2 deletions(-)
 tests:  0|4
total_score: 30/70
d2f5da4
Tue 12 Mar 2024 01:24:11 AM UTC: 
 exercises.c | 15 ++++++++++++---
 1 file changed, 12 insertions(+), 3 deletions(-)
 tests:  0|4
total_score: 30/70
295ef5a
Tue 12 Mar 2024 01:26:02 AM UTC: 
 exercises.c | 2 +-
 1 file changed, 1 insertion(+), 1 deletion(-)
 tests:  0|4
total_score: 30/70
bf19a0e
Tue 12 Mar 2024 01:27:15 AM UTC: 
 exercises.c | 2 ++
 1 file changed, 2 insertions(+)
 tests:  0|4
total_score: 30/70
93f48ad
Tue 12 Mar 2024 01:28:49 AM UTC: 
 exercises.c | 6 +++++-
 1 file changed, 5 insertions(+), 1 deletion(-)
 tests:  0|3
total_score: 40/70
9ea79a4
Tue 12 Mar 2024 01:30:39 AM UTC: 
 exercises.c | 5 ++++-
 1 file changed, 4 insertions(+), 1 deletion(-)
 tests:  0|3
total_score: 40/70
941045c
Tue 12 Mar 2024 01:35:51 AM UTC: 
 exercises.c | 18 +++++++++++++++++-
 1 file changed, 17 insertions(+), 1 deletion(-)
In file included from test.c:1:
exercises.c: In function ‘checkSorted’:
exercises.c:99:26: error: expected statement before ‘)’ token
   99 |     if(arr[i] < arr[i+1])) //ascendente
      |                          ^
exercises.c:101:5: error: ‘else’ without a previous ‘if’
  101 |     else if(arr[i] > arr[i+1]) //descendente)
      |     ^~~~
exercises.c:108:13: error: invalid suffix "M" on integer constant
  108 |     return -1M
      |             ^~
exercises.c:108:15: error: expected ‘;’ before ‘else’
  108 |     return -1M
      |               ^
      |               ;
  109 |   else
      |   ~~~~         
exercises.c:111:1: error: control reaches end of non-void function [-Werror=return-type]
  111 | }
      | ^
cc1: all warnings being treated as errors
Compilation failed
d67574f
Tue 12 Mar 2024 01:35:57 AM UTC: 
 exercises.c | 2 +-
 1 file changed, 1 insertion(+), 1 deletion(-)
In file included from test.c:1:
exercises.c: In function ‘checkSorted’:
exercises.c:99:26: error: expected statement before ‘)’ token
   99 |     if(arr[i] < arr[i+1])) //ascendente
      |                          ^
exercises.c:101:5: error: ‘else’ without a previous ‘if’
  101 |     else if(arr[i] > arr[i+1]) //descendente)
      |     ^~~~
Compilation failed
f0c3c79
Tue 12 Mar 2024 01:36:11 AM UTC: 
 exercises.c | 2 +-
 1 file changed, 1 insertion(+), 1 deletion(-)
 tests:  0|3
total_score: 40/70
c37fc9f
Tue 12 Mar 2024 01:36:33 AM UTC: 
 exercises.c | 4 ++--
 1 file changed, 2 insertions(+), 2 deletions(-)
 tests:  0|3
total_score: 40/70
f4a7fd1
Tue 12 Mar 2024 01:37:03 AM UTC: 
 exercises.c | 6 +++---
 1 file changed, 3 insertions(+), 3 deletions(-)
 tests:  0|3
total_score: 40/70
80f9f35
Tue 12 Mar 2024 01:37:33 AM UTC: 
 exercises.c | 4 ++--
 1 file changed, 2 insertions(+), 2 deletions(-)
 tests:  0|3
total_score: 40/70
30ea52e
Tue 12 Mar 2024 01:38:10 AM UTC: 
 exercises.c | 9 +++++++--
 1 file changed, 7 insertions(+), 2 deletions(-)
 tests:  0|2
total_score: 50/70
8f7cc9d
Tue 12 Mar 2024 01:52:18 AM UTC: 
 exercises.c | 6 ++++--
 1 file changed, 4 insertions(+), 2 deletions(-)
 tests:  0|2
total_score: 50/70
896c18f
Tue 12 Mar 2024 01:52:55 AM UTC: 
 exercises.c | 1 +
 1 file changed, 1 insertion(+)
 tests:  0|2
total_score: 50/70
65d37c6
Tue 12 Mar 2024 01:53:31 AM UTC: 
 exercises.c | 2 ++
 1 file changed, 2 insertions(+)
In file included from test.c:1:
exercises.c: In function ‘inicializarLibro’:
exercises.c:141:22: error: passing argument 1 of ‘strcpy’ makes pointer from integer without a cast [-Werror=int-conversion]
  141 |   strcpy(libro->autor.anioNacimiento, anioNacimiento);
      |          ~~~~~~~~~~~~^~~~~~~~~~~~~~~
      |                      |
      |                      int
In file included from /nix/store/4pqv2mwdn88h7xvsm7a5zplrd8sxzvw0-glibc-2.35-163-dev/include/features.h:490,
                 from /nix/store/4pqv2mwdn88h7xvsm7a5zplrd8sxzvw0-glibc-2.35-163-dev/include/ctype.h:25,
                 from exercises.c:1,
                 from test.c:1:
/nix/store/4pqv2mwdn88h7xvsm7a5zplrd8sxzvw0-glibc-2.35-163-dev/include/bits/string_fortified.h:77:1: note: expected ‘char * restrict’ but argument is of type ‘int’
   77 | __NTH (strcpy (char *__restrict __dest, const char *__restrict __src))
      | ^~~~~
In file included from test.c:1:
exercises.c:141:39: error: passing argument 2 of ‘strcpy’ makes pointer from integer without a cast [-Werror=int-conversion]
  141 |   strcpy(libro->autor.anioNacimiento, anioNacimiento);
      |                                       ^~~~~~~~~~~~~~
      |                                       |
      |                                       int
In file included from /nix/store/4pqv2mwdn88h7xvsm7a5zplrd8sxzvw0-glibc-2.35-163-dev/include/features.h:490,
                 from /nix/store/4pqv2mwdn88h7xvsm7a5zplrd8sxzvw0-glibc-2.35-163-dev/include/ctype.h:25,
                 from exercises.c:1,
                 from test.c:1:
/nix/store/4pqv2mwdn88h7xvsm7a5zplrd8sxzvw0-glibc-2.35-163-dev/include/bits/string_fortified.h:77:1: note: expected ‘const char * restrict’ but argument is of type ‘int’
   77 | __NTH (strcpy (char *__restrict __dest, const char *__restrict __src))
      | ^~~~~
In file included from test.c:1:
exercises.c:142:15: error: passing argument 1 of ‘strcpy’ makes pointer from integer without a cast [-Werror=int-conversion]
  142 |   strcpy(libro->anioPublicacion, anioPublicacion);
      |          ~~~~~^~~~~~~~~~~~~~~~~
      |               |
      |               int
In file included from /nix/store/4pqv2mwdn88h7xvsm7a5zplrd8sxzvw0-glibc-2.35-163-dev/include/features.h:490,
                 from /nix/store/4pqv2mwdn88h7xvsm7a5zplrd8sxzvw0-glibc-2.35-163-dev/include/ctype.h:25,
                 from exercises.c:1,
                 from test.c:1:
/nix/store/4pqv2mwdn88h7xvsm7a5zplrd8sxzvw0-glibc-2.35-163-dev/include/bits/string_fortified.h:77:1: note: expected ‘char * restrict’ but argument is of type ‘int’
   77 | __NTH (strcpy (char *__restrict __dest, const char *__restrict __src))
      | ^~~~~
In file included from test.c:1:
exercises.c:142:34: error: passing argument 2 of ‘strcpy’ makes pointer from integer without a cast [-Werror=int-conversion]
  142 |   strcpy(libro->anioPublicacion, anioPublicacion);
      |                                  ^~~~~~~~~~~~~~~
      |                                  |
      |                                  int
In file included from /nix/store/4pqv2mwdn88h7xvsm7a5zplrd8sxzvw0-glibc-2.35-163-dev/include/features.h:490,
                 from /nix/store/4pqv2mwdn88h7xvsm7a5zplrd8sxzvw0-glibc-2.35-163-dev/include/ctype.h:25,
                 from exercises.c:1,
                 from test.c:1:
/nix/store/4pqv2mwdn88h7xvsm7a5zplrd8sxzvw0-glibc-2.35-163-dev/include/bits/string_fortified.h:77:1: note: expected ‘const char * restrict’ but argument is of type ‘int’
   77 | __NTH (strcpy (char *__restrict __dest, const char *__restrict __src))
      | ^~~~~
cc1: all warnings being treated as errors
Compilation failed
6a738f7
Tue 12 Mar 2024 01:54:03 AM UTC: 
 exercises.c | 4 ++--
 1 file changed, 2 insertions(+), 2 deletions(-)
 tests:  0|1
total_score: 60/70
90c2ff2
Tue 12 Mar 2024 01:59:10 AM UTC: 
 exercises.c | 161 ------------------------------------------------------------
 1 file changed, 161 deletions(-)
test.c:37:24: error: unknown type name ‘Nodo’
   37 | void print_linked_list(Nodo* lista) {
      |                        ^~~~
test.c: In function ‘test_findMax’:
test.c:91:18: error: implicit declaration of function ‘findMax’ [-Werror=implicit-function-declaration]
   91 |     int result = findMax(arr, size);
      |                  ^~~~~~~
test.c: In function ‘test_reverseArray’:
test.c:125:5: error: implicit declaration of function ‘reverseArray’; did you mean ‘test_reverseArray’? [-Werror=implicit-function-declaration]
  125 |     reverseArray(arr, size);
      |     ^~~~~~~~~~~~
      |     test_reverseArray
test.c: In function ‘test_filterEvenNumbers’:
test.c:151:19: error: implicit declaration of function ‘filterEvenNumbers’; did you mean ‘test_filterEvenNumbers’? [-Werror=implicit-function-declaration]
  151 |     int *result = filterEvenNumbers(arr, size, &newSize);
      |                   ^~~~~~~~~~~~~~~~~
      |                   test_filterEvenNumbers
test.c:151:19: error: initialization of ‘int *’ from ‘int’ makes pointer from integer without a cast [-Werror=int-conversion]
test.c: In function ‘test_mergeSort’:
test.c:204:3: error: implicit declaration of function ‘mergeSortedArrays’ [-Werror=implicit-function-declaration]
  204 |   mergeSortedArrays(arr1, size1, arr2, size2, result);
      |   ^~~~~~~~~~~~~~~~~
test.c: In function ‘test_checkSorted’:
test.c:258:18: error: implicit declaration of function ‘checkSorted’; did you mean ‘test_checkSorted’? [-Werror=implicit-function-declaration]
  258 |     int result = checkSorted(arr, size);
      |                  ^~~~~~~~~~~
      |                  test_checkSorted
test.c: At top level:
test.c:289:26: error: unknown type name ‘Libro’
  289 | void imprimirLibro(const Libro *libro) {
      |                          ^~~~~
test.c: In function ‘imprimirLibro’:
test.c:290:35: error: request for member ‘titulo’ in something not a structure or union
  290 |   printf("    Título: %s\n", libro->titulo);
      |                                   ^~
test.c:291:50: error: request for member ‘autor’ in something not a structure or union
  291 |   printf("    Autor: %s (Nacido en: %d)\n", libro->autor.nombre, libro->autor.anioNacimiento);
      |                                                  ^~
test.c:291:71: error: request for member ‘autor’ in something not a structure or union
  291 |   printf("    Autor: %s (Nacido en: %d)\n", libro->autor.nombre, libro->autor.anioNacimiento);
      |                                                                       ^~
test.c:292:47: error: request for member ‘anioPublicacion’ in something not a structure or union
  292 |   printf("    Año de Publicación: %d\n", libro->anioPublicacion);
      |                                               ^~
test.c: In function ‘test_biblioteca’:
test.c:296:3: error: unknown type name ‘Libro’
  296 |   Libro libro;
      |   ^~~~~
test.c:306:5: error: implicit declaration of function ‘inicializarLibro’ [-Werror=implicit-function-declaration]
  306 |     inicializarLibro(&libro, titulos[i], autores[i], aniosNacimiento[i],
      |     ^~~~~~~~~~~~~~~~
test.c:312:21: error: request for member ‘titulo’ in something not a structure or union
  312 |     if (strcmp(libro.titulo, titulos[i]) != 0 ||
      |                     ^
test.c:313:21: error: request for member ‘autor’ in something not a structure or union
  313 |         strcmp(libro.autor.nombre, autores[i]) != 0 ||
      |                     ^
test.c:314:14: error: request for member ‘autor’ in something not a structure or union
  314 |         libro.autor.anioNacimiento != aniosNacimiento[i] ||
      |              ^
test.c:315:14: error: request for member ‘anioPublicacion’ in something not a structure or union
  315 |         libro.anioPublicacion != aniosPublicacion[i]) {
      |              ^
test.c: In function ‘test_crearListaEnlazada’:
test.c:331:5: error: unknown type name ‘Nodo’
  331 |     Nodo* lista = crearListaEnlazada(arr, size);
      |     ^~~~
test.c:331:19: error: implicit declaration of function ‘crearListaEnlazada’; did you mean ‘test_crearListaEnlazada’? [-Werror=implicit-function-declaration]
  331 |     Nodo* lista = crearListaEnlazada(arr, size);
      |                   ^~~~~~~~~~~~~~~~~~
      |                   test_crearListaEnlazada
test.c:331:19: error: initialization of ‘int *’ from ‘int’ makes pointer from integer without a cast [-Werror=int-conversion]
test.c:333:5: error: unknown type name ‘Nodo’
  333 |     Nodo* current = lista;
      |     ^~~~
test.c:336:37: error: request for member ‘numero’ in something not a structure or union
  336 |       if (current == NULL || current->numero != arr[i]) {
      |                                     ^~
test.c:339:9: error: implicit declaration of function ‘print_linked_list’ [-Werror=implicit-function-declaration]
  339 |         print_linked_list(lista);
      |         ^~~~~~~~~~~~~~~~~
test.c:343:11: error: unknown type name ‘Nodo’
  343 |           Nodo* temp = lista;
      |           ^~~~
test.c:344:24: error: request for member ‘siguiente’ in something not a structure or union
  344 |           lista = lista->siguiente;
      |                        ^~
test.c:349:24: error: request for member ‘siguiente’ in something not a structure or union
  349 |       current = current->siguiente;
      |                        ^~
test.c:360:9: error: unknown type name ‘Nodo’
  360 |         Nodo* temp = lista;
      |         ^~~~
test.c:361:22: error: request for member ‘siguiente’ in something not a structure or union
  361 |         lista = lista->siguiente;
      |                      ^~
test.c:369:7: error: unknown type name ‘Nodo’
  369 |       Nodo* temp = lista;
      |       ^~~~
test.c:370:20: error: request for member ‘siguiente’ in something not a structure or union
  370 |       lista = lista->siguiente;
      |                    ^~
cc1: all warnings being treated as errors
Compilation failed
9ca31ee
Tue 12 Mar 2024 01:51:08 PM UTC: 
 exercises.c | 161 ++++++++++++++++++++++++++++++++++++++++++++++++++++++++++++
 1 file changed, 161 insertions(+)
 tests:  0|1
total_score: 60/70
a08aafd
Tue 12 Mar 2024 02:27:15 PM UTC: 
 exercises.c | 35 +++++++++++++++++++++++++++++++----
 1 file changed, 31 insertions(+), 4 deletions(-)
test.c:37:24: error: unknown type name ‘Nodo’
   37 | void print_linked_list(Nodo* lista) {
      |                        ^~~~
test.c: In function ‘test_crearListaEnlazada’:
test.c:331:5: error: unknown type name ‘Nodo’
  331 |     Nodo* lista = crearListaEnlazada(arr, size);
      |     ^~~~
test.c:331:19: error: initialization of ‘int *’ from incompatible pointer type ‘tipoNodo *’ [-Werror=incompatible-pointer-types]
  331 |     Nodo* lista = crearListaEnlazada(arr, size);
      |                   ^~~~~~~~~~~~~~~~~~
test.c:333:5: error: unknown type name ‘Nodo’
  333 |     Nodo* current = lista;
      |     ^~~~
test.c:336:37: error: request for member ‘numero’ in something not a structure or union
  336 |       if (current == NULL || current->numero != arr[i]) {
      |                                     ^~
test.c:339:9: error: implicit declaration of function ‘print_linked_list’ [-Werror=implicit-function-declaration]
  339 |         print_linked_list(lista);
      |         ^~~~~~~~~~~~~~~~~
test.c:343:11: error: unknown type name ‘Nodo’
  343 |           Nodo* temp = lista;
      |           ^~~~
test.c:344:24: error: request for member ‘siguiente’ in something not a structure or union
  344 |           lista = lista->siguiente;
      |                        ^~
test.c:349:24: error: request for member ‘siguiente’ in something not a structure or union
  349 |       current = current->siguiente;
      |                        ^~
test.c:360:9: error: unknown type name ‘Nodo’
  360 |         Nodo* temp = lista;
      |         ^~~~
test.c:361:22: error: request for member ‘siguiente’ in something not a structure or union
  361 |         lista = lista->siguiente;
      |                      ^~
test.c:369:7: error: unknown type name ‘Nodo’
  369 |       Nodo* temp = lista;
      |       ^~~~
test.c:370:20: error: request for member ‘siguiente’ in something not a structure or union
  370 |       lista = lista->siguiente;
      |                    ^~
cc1: all warnings being treated as errors
Compilation failed
392f83f
Tue 12 Mar 2024 02:27:45 PM UTC: 
 exercises.c | 18 +++++++++---------
 1 file changed, 9 insertions(+), 9 deletions(-)
 tests:  0|0
total_score: 70/70
6aa2da8
Tue 12 Mar 2024 02:29:45 PM UTC: 
 exercises.c | 34 +++++++++++++++++-----------------
 1 file changed, 17 insertions(+), 17 deletions(-)
 tests:  0|0
total_score: 70/70
75c5634
